<?xml version="1.0" encoding="UTF-8" ?>
<testsuite tests="10" failures="0" name="com.glarimy.jpa.LibraryTest" time="0.266" errors="0" skipped="0">
  <properties>
    <property name="java.runtime.name" value="Java(TM) SE Runtime Environment"/>
    <property name="sun.boot.library.path" value="D:\glarimy\programs\java\jre\bin"/>
    <property name="java.vm.version" value="25.111-b14"/>
    <property name="java.vm.vendor" value="Oracle Corporation"/>
    <property name="maven.multiModuleProjectDirectory" value="D:\glarimy\workspace\glarimy-jpa-hbm-derby"/>
    <property name="java.vendor.url" value="http://java.oracle.com/"/>
    <property name="path.separator" value=";"/>
    <property name="guice.disable.misplaced.annotation.check" value="true"/>
    <property name="java.vm.name" value="Java HotSpot(TM) 64-Bit Server VM"/>
    <property name="file.encoding.pkg" value="sun.io"/>
    <property name="user.script" value=""/>
    <property name="user.country" value="US"/>
    <property name="sun.java.launcher" value="SUN_STANDARD"/>
    <property name="sun.os.patch.level" value="Service Pack 1"/>
    <property name="java.vm.specification.name" value="Java Virtual Machine Specification"/>
    <property name="user.dir" value="D:\glarimy\workspace\glarimy-jpa-hbm-derby"/>
    <property name="java.runtime.version" value="1.8.0_111-b14"/>
    <property name="java.awt.graphicsenv" value="sun.awt.Win32GraphicsEnvironment"/>
    <property name="java.endorsed.dirs" value="D:\glarimy\programs\java\jre\lib\endorsed"/>
    <property name="os.arch" value="amd64"/>
    <property name="java.io.tmpdir" value="C:\Users\admin\AppData\Local\Temp\"/>
    <property name="line.separator" value="
"/>
    <property name="java.vm.specification.vendor" value="Oracle Corporation"/>
    <property name="user.variant" value=""/>
    <property name="os.name" value="Windows 7"/>
    <property name="classworlds.conf" value="D:\glarimy\workspace\.metadata\.plugins\org.eclipse.m2e.launching\launches\m2conf24335541440980151.tmp"/>
    <property name="sun.jnu.encoding" value="Cp1252"/>
    <property name="java.library.path" value="D:\glarimy\programs\java\bin;C:\Windows\Sun\Java\bin;C:\Windows\system32;C:\Windows;D:/glarimy/programs/java/bin/../jre/bin/server;D:/glarimy/programs/java/bin/../jre/bin;D:/glarimy/programs/java/bin/../jre/lib/amd64;D:\glarimy\programs\apache-maven-3.3.9\bin;D:\glarimy\programs\vert.x-2.0.0-final\bin;D:\glarimy\programs\java\bin;C:\ProgramData\Oracle\Java\javapath;C:\Windows\system32;C:\Windows;C:\Windows\System32\Wbem;C:\Windows\System32\WindowsPowerShell\v1.0\;C:\Program Files\Git\cmd;;C:\Program Files\Docker Toolbox;D:\glarimy\programs\eclipse;;."/>
    <property name="java.specification.name" value="Java Platform API Specification"/>
    <property name="java.class.version" value="52.0"/>
    <property name="sun.management.compiler" value="HotSpot 64-Bit Tiered Compilers"/>
    <property name="os.version" value="6.1"/>
    <property name="user.home" value="C:\Users\admin"/>
    <property name="user.timezone" value="Asia/Calcutta"/>
    <property name="java.awt.printerjob" value="sun.awt.windows.WPrinterJob"/>
    <property name="java.specification.version" value="1.8"/>
    <property name="file.encoding" value="Cp1252"/>
    <property name="user.name" value="admin"/>
    <property name="java.class.path" value="D:\glarimy\programs\apache-maven-3.3.9\boot\plexus-classworlds-2.5.2.jar"/>
    <property name="java.vm.specification.version" value="1.8"/>
    <property name="sun.arch.data.model" value="64"/>
    <property name="java.home" value="D:\glarimy\programs\java\jre"/>
    <property name="sun.java.command" value="org.codehaus.plexus.classworlds.launcher.Launcher -B -s D:\glarimy\programs\apache-maven-3.3.9\conf\settings.xml test"/>
    <property name="java.specification.vendor" value="Oracle Corporation"/>
    <property name="user.language" value="en"/>
    <property name="awt.toolkit" value="sun.awt.windows.WToolkit"/>
    <property name="java.vm.info" value="mixed mode"/>
    <property name="java.version" value="1.8.0_111"/>
    <property name="java.ext.dirs" value="D:\glarimy\programs\java\jre\lib\ext;C:\Windows\Sun\Java\lib\ext"/>
    <property name="sun.boot.class.path" value="D:\glarimy\programs\java\jre\lib\resources.jar;D:\glarimy\programs\java\jre\lib\rt.jar;D:\glarimy\programs\java\jre\lib\sunrsasign.jar;D:\glarimy\programs\java\jre\lib\jsse.jar;D:\glarimy\programs\java\jre\lib\jce.jar;D:\glarimy\programs\java\jre\lib\charsets.jar;D:\glarimy\programs\java\jre\lib\jfr.jar;D:\glarimy\programs\java\jre\classes"/>
    <property name="java.vendor" value="Oracle Corporation"/>
    <property name="maven.home" value="D:\glarimy\programs\apache-maven-3.3.9"/>
    <property name="file.separator" value="\"/>
    <property name="java.vendor.url.bug" value="http://bugreport.sun.com/bugreport/"/>
    <property name="sun.cpu.endian" value="little"/>
    <property name="sun.io.unicode.encoding" value="UnicodeLittle"/>
    <property name="sun.desktop" value="windows"/>
    <property name="sun.cpu.isalist" value="amd64"/>
  </properties>
  <testcase classname="com.glarimy.jpa.LibraryTest" name="testUsingProjections" time="0.044"/>
  <testcase classname="com.glarimy.jpa.LibraryTest" name="testUsingCompoundKey" time="0.02"/>
  <testcase classname="com.glarimy.jpa.LibraryTest" name="testUsingJoinQuery" time="0.03"/>
  <testcase classname="com.glarimy.jpa.LibraryTest" name="testUsingNamedQuery" time="0.039"/>
  <testcase classname="com.glarimy.jpa.LibraryTest" name="testUsingNamedNativeQuery" time="0.04"/>
  <testcase classname="com.glarimy.jpa.LibraryTest" name="testLazyFetch" time="0.015"/>
  <testcase classname="com.glarimy.jpa.LibraryTest" name="testUsingLocks" time="0.049"/>
  <testcase classname="com.glarimy.jpa.LibraryTest" name="testUsingQueryAndPolymorphism" time="0.012"/>
  <testcase classname="com.glarimy.jpa.LibraryTest" name="testFindingBooks" time="0.002"/>
  <testcase classname="com.glarimy.jpa.LibraryTest" name="testUsingRestrictions" time="0.015"/>
</testsuite>